*****************************************************************
Pin Report - Date: Fri Jul 07 15:14:03 2023 Pinchecksum: NOT-AVAILABLE
Product: Designer
Release: v11.9 SP6
Version: 11.9.6.7
Design Name: FPGA_SoC
Family: SmartFusion2
Die: M2S010T
Package: 256 VF
*****************************************************************

Number |Port         |Function                                   |State      |I/O Std  |Direction |I/O state in Flash*Freeze mode |Resistor Pull |I/O available in Flash*Freeze mode |Schmitt Trigger |Odt_Static |Odt Imp (Ohm) |Low Power Exit |Input Delay |Slew |Pre-Emphasis |Output Drive (mA) |Output Load (pF) |
-------|-------------|-------------------------------------------|-----------|---------|----------|-------------------------------|--------------|-----------------------------------|----------------|-----------|--------------|---------------|------------|-----|-------------|------------------|-----------------|
A1                    VDDI0                                       Reserved    
A2                    DDRIO54NB0/MDDR_DQ1                         Unassigned  
A3                    DDRIO51PB0/MDDR_DM_RDQS0                    Unassigned  
A4                    DDRIO52NB0/MDDR_DQS0_N                      Unassigned  
A5                    DDRIO52PB0/MDDR_DQS0                        Unassigned  
A6                    VSS                                         Reserved    
A7                    DDRIO49PB0/MDDR_DQ7                         Unassigned  
A8                    DDRIO49NB0/MDDR_TMATCH_0_OUT                Unassigned  
A9                    DDRIO46PB0/MDDR_DQS1                        Unassigned  
A10                   DDRIO46NB0/MDDR_DQS1_N                      Unassigned  
A11                   VDDI0                                       Reserved    
A12                   DDRIO40NB0/MDDR_CAS_N                       Unassigned  
A13                   DDRIO40PB0/MDDR_RESET_N                     Unassigned  
A14                   DDRIO39PB0/MDDR_CLK                         Unassigned  
A15                   DDRIO39NB0/MDDR_CLK_N                       Unassigned  
A16                   VSS                                         Reserved    
B1                    DDRIO58NB0/MDDR_DQS_ECC_N                   Unassigned  
B2                    DDRIO54PB0/MDDR_DQ0                         Unassigned  
B3                    DDRIO51NB0/MDDR_DQ4                         Unassigned  
B4                    VDDI0                                       Reserved    
B5                    DDRIO53NB0/MDDR_DQ3                         Unassigned  
B6                    DDRIO53PB0/MDDR_DQ2                         Unassigned  
B7                    DDRIO50PB0/MDDR_DQ5                         Unassigned  
B8                    DDRIO45PB0/MDDR_TMATCH_0_IN                 Unassigned  
B9                    VSS                                         Reserved    
B10                   DDRIO44NB0/MDDR_DQ13                        Unassigned  
B11                   DDRIO44PB0/MDDR_DQ12                        Unassigned  
B12                   DDRIO42PB0/MDDR_RAS_N                       Unassigned  
B13                   DDRIO37PB0/MDDR_BA2                         Unassigned  
B14                   VDDI0                                       Reserved    
B15                   DDRIO29NB0/MDDR_ADDR15                      Unassigned  
B16                   DDRIO35PB0/MDDR_ADDR3                       Unassigned  
C1                    DDRIO58PB0/MDDR_DQS_ECC                     Unassigned  
C2                    VSS                                         Reserved    
C3                    DDRIO57NB0/MDDR_DM_RDQS_ECC                 Unassigned  
C4                    DDRIO57PB0/MDDR_TMATCH_ECC_IN               Unassigned  
C5                    DDRIO56PB0/MDDR_DQ_ECC1                     Unassigned  
C6                    DDRIO50NB0/MDDR_DQ6                         Unassigned  
C7                    VDDI0                                       Reserved    
C8                    DDRIO48PB0/MDDR_DQ8                         Unassigned  
C9                    DDRIO48NB0/MDDR_DQ9                         Unassigned  
C10                   DDRIO45NB0/MDDR_DM_RDQS1                    Unassigned  
C11                   DDRIO42NB0/MDDR_WE_N                        Unassigned  
C12                   DDRIO38PB0/MDDR_BA0                         Unassigned  
C13                   VSS                                         Reserved    
C14                   DDRIO37NB0/MDDR_ADDR0                       Unassigned  
C15                   DDRIO29PB0/MDDR_ADDR14                      Unassigned  
C16                   DDRIO35NB0/MDDR_ADDR4                       Unassigned  
D1                    DDRIO55PB0/CCC_NE0_CLKI3                    Special     
D2                    DDRIO55NB0                                  Unassigned  
D3                    DDRIO60PB0/MDDR_TMATCH_ECC_OUT              Unassigned  
D4                    DDRIO59PB0/GB0                              Special     
D5                    VSS                                         Reserved    
D6                    DDRIO56NB0/MDDR_DQ_ECC0                     Unassigned  
D7                    DDRIO47PB0/MDDR_DQ10                        Unassigned  
D8                    DDRIO47NB0/MDDR_DQ11                        Unassigned  
D9                    DDRIO43PB0/MDDR_DQ14                        Unassigned  
D10                   VDDI0                                       Reserved    
D11                   DDRIO41NB0/MDDR_CS_N                        Unassigned  
D12                   DDRIO38NB0/MDDR_BA1                         Unassigned  
D13                   DDRIO30NB0/MDDR_ADDR13                      Unassigned  
D14                   DDRIO30PB0/MDDR_ADDR12                      Unassigned  
D15                   VSS                                         Reserved    
D16                   DDRIO34PB0/MDDR_ADDR5                       Unassigned  
E1                    MDDR_IMP_CALIB_ECC                          Reserved    
E2                    DDRIO60NB0/CCC_NE1_CLKI3                    Special     
E3                    VDDI0                                       Reserved    
E4                    DDRIO59NB0/GB4                              Special     
E5                    NC                                          Reserved    
E6                    NC                                          Reserved    
E7                    VREF                                        Reserved    
E8                    DDRIO43NB0/MDDR_DQ15                        Unassigned  
E9                    VREF                                        Reserved    
E10                   DDRIO41PB0/MDDR_CKE                         Unassigned  
E11                   DDRIO36PB0/MDDR_ADDR1                       Unassigned  
E12                   DDRIO36NB0/MDDR_ADDR2                       Unassigned  
E13                   VDDI0                                       Reserved    
E14                   DDRIO31PB0/MDDR_ADDR10                      Unassigned  
E15                   DDRIO32NB0/MDDR_ADDR9                       Unassigned  
E16                   DDRIO34NB0/MDDR_ADDR6                       Unassigned  
F1                    VSS                                         Reserved    
F2      pwm_0         MSIO79NB7                                   Fixed       LVCMOS33  Output     TRISTATE                        None           No                                  ---              ---         ---            ---             ---          ---   ---           4                  5                 
F3      pwm_1         MSIO78NB7                                   Fixed       LVCMOS33  Output     TRISTATE                        None           No                                  ---              ---         ---            ---             ---          ---   ---           4                  5                 
F4      pwm_2         MSIO78PB7/GB2                               Special     LVCMOS33  Output     TRISTATE                        None           No                                  ---              ---         ---            ---             ---          ---   ---           4                  5                 
F5      pwm_3         MSIO75NB7                                   Fixed       LVCMOS33  Output     TRISTATE                        None           No                                  ---              ---         ---            ---             ---          ---   ---           4                  5                 
F6                    VDDI7                                       Reserved    
F7                    VSS                                         Reserved    
F8                    VDDI0                                       Reserved    
F9                    VSS                                         Reserved    
F10                   VDDI0                                       Reserved    
F11                   CCC_NE0_NE1_MSS_MDDR_PLL_VDDA               Reserved    
F12                   CCC_NE0_NE1_MSS_MDDR_PLL_VSSA               Reserved    
F13                   DDRIO31NB0/MDDR_ADDR11                      Unassigned  
F14                   DDRIO32PB0/MDDR_ADDR8                       Unassigned  
F15                   DDRIO33NB0/MDDR_ADDR7                       Unassigned  
F16                   DDRIO33PB0/MDDR_ODT                         Unassigned  
G1      PWM[0]        MSIO79PB7/GB1                               Special     LVCMOS33  Output     TRISTATE                        None           No                                  ---              ---         ---            ---             ---          ---   ---           4                  5                 
G2      PWM[1]        MSIO80NB7                                   Fixed       LVCMOS33  Output     TRISTATE                        None           No                                  ---              ---         ---            ---             ---          ---   ---           4                  5                 
G3                    MSIO80PB7                                   Unassigned  
G4                    VSS                                         Reserved    
G5      PWM[3]        MSIO75PB7                                   Fixed       LVCMOS33  Output     TRISTATE                        None           No                                  ---              ---         ---            ---             ---          ---   ---           4                  5                 
G6                    VSS                                         Reserved    
G7                    VDD                                         Reserved    
G8                    VSS                                         Reserved    
G9                    VDD                                         Reserved    
G10                   VSS                                         Reserved    
G11                   VDDI1                                       Reserved    
G12     MMUART_0_TXD  MSI26NB1/MMUART_0_TXD/GPIO_27_B             Fixed       LVCMOS33  Output     TRISTATE                        None           No                                  ---              ---         ---            ---             ---          ---   ---           4                  5                 
G13     MMUART_0_RXD  MSIO27PB1/MMUART_0_RXD/GPIO_28_B            Fixed       LVCMOS33  Input      TRISTATE                        None           No                                  Off              ---         ---            Off             Off          ---   ---           ---                ---               
G14                   MSIO18NB2/GPIO_9_A                          Unassigned  
G15                   VSS                                         Reserved    
G16                   MSIO19NB2/GPIO_14_A                         Unassigned  
H1                    MSIOD85PB6/CCC_NE1_CLKI1                    Special     
H2                    VDDI7                                       Reserved    
H3      PWM[2]        MSIO81PB7                                   Fixed       LVCMOS33  Output     TRISTATE                        None           No                                  ---              ---         ---            ---             ---          ---   ---           4                  5                 
H4                    MSIO81NB7                                   Unassigned  
H5                    MSIOD86PB6                                  Unassigned  
H6                    VDDI6                                       Reserved    
H7                    VSS                                         Reserved    
H8                    VDD                                         Reserved    
H9                    VSS                                         Reserved    
H10                   VPP                                         Reserved    
H11                   FLASH_GOLDEN_N                              Reserved    
H12     MMUART_1_TXD  MSIO21NB1/MMUART_1_TXD/GPIO_24_B            Fixed       LVCMOS33  Output     TRISTATE                        None           No                                  ---              ---         ---            ---             ---          ---   ---           4                  5                 
H13     MMUART_1_RXD  MSIO22NB1/MMUART_1_RXD/GPIO_26_B            Fixed       LVCMOS33  Input      TRISTATE                        None           No                                  Off              ---         ---            Off             Off          ---   ---           ---                ---               
H14     lcd_dc_out    MSIO18PB2/GPIO_8_A                          Fixed       LVCMOS33  Output     TRISTATE                        None           No                                  ---              ---         ---            ---             ---          ---   ---           4                  5                 
H15                   MSIO19PB2/GPIO_10_A                         Unassigned  
H16     I2C_1_SCL     MSIO11NB2/I2C_1_SCL/GPIO_1_A/CCC_NE0_CLKI2  Special     LVCMOS33  Inout      TRISTATE                        None           No                                  Off              ---         ---            Off             Off          ---   ---           4                  5                 
J1                    MSIOD100PB5/SERDES_0_REFCLK0_P              Unassigned  
J2                    MSIOD100NB5/SERDES_0_REFCLK0_N              Unassigned  
J3                    MSIOD84PB6/CCC_NE1_CLKI2                    Special     
J4                    VSS                                         Reserved    
J5                    MSIOD83PB6                                  Unassigned  
J6                    VSS                                         Reserved    
J7                    VDD                                         Reserved    
J8                    VSS                                         Reserved    
J9                    VDD                                         Reserved    
J10                   VSS                                         Reserved    
J11                   VDDI2                                       Reserved    
J12     lcd_cs_out    MSIO13NB2/SPI_0_SS0/GPIO_7_A                Fixed       LVCMOS33  Output     TRISTATE                        None           No                                  ---              ---         ---            ---             ---          ---   ---           4                  5                 
J13                   MSIO12NB2/SPI_0_SDI/GPIO_5_A                Unassigned  
J14     lcd_clk_out   MSIO12PB2/SPI_0_CLK                         Fixed       LVCMOS33  Output     TRISTATE                        None           No                                  ---              ---         ---            ---             ---          ---   ---           4                  5                 
J15                   VDDI2                                       Reserved    
J16     I2C_1_SDA     MSIO11PB2/I2C_1_SDA/GPIO_0_A/CCC_NE0_CLKI1  Special     LVCMOS33  Inout      TRISTATE                        None           No                                  Off              ---         ---            Off             Off          ---   ---           4                  5                 
K1                    MSIOD101NB5/SERDES_0_REFCLK1_N              Unassigned  
K2                    VDDI5                                       Reserved    
K3                    SERDES_0_L23_REXT                           Reserved    
K4                    SERDES_0_PLL_VSSA                           Reserved    
K5                    SERDES_0_PLL_VDDA                           Reserved    
K6                    NC                                          Reserved    
K7                    VSS                                         Reserved    
K8                    VDD                                         Reserved    
K9                    VSS                                         Reserved    
K10                   VDD                                         Reserved    
K11                   VPPNVM                                      Reserved    
K12     lcd_data_out  MSIO13PB2/SPI_0_SDO/GPIO_6_A                Fixed       LVCMOS33  Output     TRISTATE                        None           No                                  ---              ---         ---            ---             ---          ---   ---           4                  5                 
K13                   VSS                                         Reserved    
K14                   MSIO6PB2/USB_DATA6_B                        Unassigned  
K15                   MSIO6NB2                                    Unassigned  
K16                   MSIO4PB2/USB_DATA2_B                        Unassigned  
L1                    MSIOD101PB5/SERDES_0_REFCLK1_P              Unassigned  
L2                    SERDES_0_L01_REXT                           Reserved    
L3                    SERDES_0_L01_VDDAPLL                        Reserved    
L4                    SERDES_0_L01_REFRET                         Reserved    
L5                    NC                                          Reserved    
L6                    SERDES_0_L23_REFRET                         Reserved    
L7                    VDD                                         Reserved    
L8                    VSS                                         Reserved    
L9                    VPP                                         Reserved    
L10                   VSSNVM                                      Reserved    
L11                   MSIO3PB2/USB_DATA0_B                        Unassigned  
L12                   MSIO3NB2/USB_DATA1_B                        Unassigned  
L13                   MSIO5NB2/USB_DATA5_B                        Unassigned  
L14                   MSIO5PB2/USB_DATA4_B                        Unassigned  
L15                   MSIO4NB2/USB_DATA3_B                        Unassigned  
L16                   VSS                                         Reserved    
M1                    VSS                                         Reserved    
M2                    VSS                                         Reserved    
M3                    VSS                                         Reserved    
M4                    VDD                                         Reserved    
M5                    SERDES_0_L01_VDDAIO                         Reserved    
M6                    SERDES_0_L23_VDDAPLL                        Reserved    
M7                    MSIO104PB4/GB3                              Special     
M8                    MSIO105NB4                                  Unassigned  
M9                    MSIO114PB4                                  Unassigned  
M10                   MSIO114NB4                                  Unassigned  
M11     DEVRST_N      DEVRST_N                                    Dedicated   
M12                   JTAGSEL                                     Reserved    
M13                   MSIO2NB2/USB_NXT_B                          Unassigned  
M14                   VDDI2                                       Reserved    
M15     GPIO_0_M2F    MSIO0PB2                                    Fixed       LVCMOS33  Output     TRISTATE                        None           No                                  ---              ---         ---            ---             ---          ---   ---           4                  5                 
M16     GPIO_OUT[0]   MSIO1NB2/USB_DIR_B                          Fixed       LVCMOS33  Output     TRISTATE                        None           No                                  ---              ---         ---            ---             ---          ---   ---           4                  5                 
N1                    SERDES_0_RXD0_P                             Reserved    
N2                    VSS                                         Reserved    
N3                    SERDES_0_RXD2_N                             Reserved    
N4                    VSS                                         Reserved    
N5                    SERDES_0_L23_VDDAIO                         Reserved    
N6                    VSS                                         Reserved    
N7                    MSIO104NB4/GB7                              Special     
N8                    MSIO105PB4/CCC_NE0_CLKI0                    Special     
N9                    VSS                                         Reserved    
N10                   MSIO109NB4                                  Unassigned  
N11                   JTAG_TMS/M3_TMS/M3_SWDIO                    Reserved    
N12                   VDDI3                                       Reserved    
N13                   JTAG_TRSTB/M3_TRSTB                         Reserved    
N14     LED2          MSIO2PB2/USB_STP_B                          Fixed       LVCMOS33  Output     TRISTATE                        None           No                                  ---              ---         ---            ---             ---          ---   ---           4                  5                 
N15                   MSIO0NB2/USB_DATA7_B                        Unassigned  
N16                   MSIO1PB2/USB_XCLK_B                         Unassigned  
P1                    SERDES_0_RXD0_N                             Reserved    
P2                    VSS                                         Reserved    
P3                    SERDES_0_RXD2_P                             Reserved    
P4                    VSS                                         Reserved    
P5                    VSS                                         Reserved    
P6                    User Reserved                               Unassigned  
P7                    User Reserved                               Unassigned  
P8                    MSIO112NB4                                  Unassigned  
P9                    MSIO113PB4                                  Unassigned  
P10                   MSIO109PB4                                  Unassigned  
P11                   VDDI4                                       Reserved    
P12                   MSIO117PB4                                  Unassigned  
P13                   MSIO117NB4                                  Unassigned  
P14                   JTAG_TDO/M3_TDO/M3_SWO                      Reserved    
P15                   VSS                                         Reserved    
P16                   JTAG_TDI/M3_TDI                             Reserved    
R1                    VSS                                         Reserved    
R2                    SERDES_0_TXD0_N                             Reserved    
R3                    VSS                                         Reserved    
R4                    SERDES_0_TXD2_N                             Reserved    
R5                    VSS                                         Reserved    
R6                    MSIO102PB4                                  Unassigned  
R7                    VDDI4                                       Reserved    
R8                    MSIO112PB4                                  Unassigned  
R9                    MSIO106NB4                                  Unassigned  
R10                   MSIO113NB4                                  Unassigned  
R11                   MSIO115NB4                                  Unassigned  
R12                   MSIO116NB4                                  Unassigned  
R13                   MSIO118NB4                                  Unassigned  
R14                   JTAG_TCK/M3_TCK                             Reserved    
R15                   XTLOSC_MAIN_EXTAL                           Reserved    
R16                   XTLOSC_MAIN_XTAL                            Reserved    
T1                    VSS                                         Reserved    
T2                    SERDES_0_TXD0_P                             Reserved    
T3                    VSS                                         Reserved    
T4                    SERDES_0_TXD2_P                             Reserved    
T5                    VSS                                         Reserved    
T6                    MSIO102NB4/CCC_NE1_CLKI0                    Special     
T7                    MSIO110PB4                                  Unassigned  
T8                    MSIO110NB4                                  Unassigned  
T9                    MSIO106PB4                                  Unassigned  
T10                   VSS                                         Reserved    
T11                   MSIO115PB4                                  Unassigned  
T12                   MSIO116PB4                                  Unassigned  
T13                   MSIO118PB4                                  Unassigned  
T14                   VSS                                         Reserved    
T15                   XTLOSC_AUX_XTAL                             Reserved    
T16                   XTLOSC_AUX_EXTAL                            Reserved    
