********************************************************************
I/O Bank Report - Date: Fri Jul 07 15:14:03 2023
Product: Designer
Release: v11.9 SP6
Version: 11.9.6.7
Design Name: FPGA_SoC
Family: SmartFusion2
Die: M2S010T
Package: 256 VF
********************************************************************


I/O Function:

    Type                                  | w/o register  | w/ register  | w/ DDR register
    --------------------------------------|---------------|--------------|----------------
    Input I/O                             | 2             | 0            | 0
    Output I/O                            | 17            | 0            | 0
    Bidirectional I/O                     | 2             | 0            | 0
    Differential Input I/O Pairs          | 0             | 0            | 0
    Differential Output I/O Pairs         | 0             | 0            | 0

I/O Technology:

                                    |   Voltages    |             I/Os              
    --------------------------------|-------|-------|-------|--------|--------------
    I/O Standard(s)                 | Vddi  | Vref  | Input | Output | Bidirectional
    --------------------------------|-------|-------|-------|--------|--------------
    LVCMOS33                        | 3.30v | N/A   | 2     | 17     | 2            

I/O Bank Resource Usage:

          |   Voltages    | Single I/Os  | Diff I/O Pairs |        Vref I/Os        |  Type   
          |-------|-------|------|-------|-------|--------|------|-------|----------|---------
          | Vddi  | Vref  | Used | Total | Used  | Total  | Used | Total | Vref Pins|         
    ------|-------|-------|------|-------|-------|--------|------|-------|----------|---------
    Bank0 | N/A   | N/A   | 0    | 64    | 0     | 32     | N/A  | N/A   | N/A      | DDRIO   
    Bank1 | 3.30v | N/A   | 4    | 4     | 0     | 0      | N/A  | N/A   | N/A      | MSIO    
    Bank2 | 3.30v | N/A   | 9    | 24    | 0     | 12     | N/A  | N/A   | N/A      | MSIO    
    Bank3 | N/A   | N/A   | 0    | 0     | 0     | 0      | N/A  | N/A   | N/A      | JTAG    
    Bank4 | N/A   | N/A   | 0    | 28    | 0     | 14     | N/A  | N/A   | N/A      | MSIO    
    Bank5 | N/A   | N/A   | 0    | 4     | 0     | 2      | N/A  | N/A   | N/A      | MSIOD   
    Bank6 | N/A   | N/A   | 0    | 4     | 0     | 0      | N/A  | N/A   | N/A      | MSIOD   
    Bank7 | 3.30v | N/A   | 8    | 10    | 0     | 5      | N/A  | N/A   | N/A      | MSIO    

I/O Voltage Usage:

       Voltages    |     I/Os     
    -------|-------|------|-------
     Vddi  | Vref  | Used | Total 
    -------|-------|------|-------
     3.30v | N/A   | 21   | 38    

